wandb: W&B API key is configured. Use `wandb login --relogin` to force relogin
wandb: - Waiting for wandb.init()...wandb: \ Waiting for wandb.init()...wandb: | Waiting for wandb.init()...wandb: / Waiting for wandb.init()...wandb: wandb version 0.19.4 is available!  To upgrade, please run:
wandb:  $ pip install wandb --upgrade
wandb: Tracking run with wandb version 0.17.7
wandb: Run data is saved locally in /home/qxy/DMLoco/wandb/run-20250121_184205-ahb1jzlz
wandb: Run `wandb offline` to turn off syncing.
wandb: Syncing run 18-41-57_aliengo_pre_diffusion_unet_ta4_td100
wandb: ⭐️ View project at https://wandb.ai/queenxy2002/aliengo-pretrain
wandb: 🚀 View run at https://wandb.ai/queenxy2002/aliengo-pretrain/runs/ahb1jzlz
[2025-01-21 18:42:12,352][model.diffusion.unet][INFO] - Channel dimensions: [(12, 64), (64, 128), (128, 256)]
[2025-01-21 18:42:12,870][root][INFO] - Number of network parameters: 4615324
[2025-01-21 18:42:13,161][agent.dataset.sequence][INFO] - Loaded dataset from /home/qxy/DMLoco/data/aliengo/forward_1.0_50.npz
[2025-01-21 18:42:13,162][agent.dataset.sequence][INFO] - Number of episodes: 48
[2025-01-21 18:42:13,162][agent.dataset.sequence][INFO] - States shape/type: (torch.Size([24048, 392]), torch.float32)
[2025-01-21 18:42:13,162][agent.dataset.sequence][INFO] - Actions shape/type: (torch.Size([24048, 12]), torch.float32)
[2025-01-21 18:42:42,775][agent.pretrain.train_diffusion_agent][INFO] - 10: train loss   0.4076 | t: 29.6030
[2025-01-21 18:43:12,378][agent.pretrain.train_diffusion_agent][INFO] - 20: train loss   0.1644 | t: 29.6027
[2025-01-21 18:43:41,799][agent.pretrain.train_diffusion_agent][INFO] - 30: train loss   0.1098 | t: 29.4215
[2025-01-21 18:44:11,403][agent.pretrain.train_diffusion_agent][INFO] - 40: train loss   0.0885 | t: 29.6034
[2025-01-21 18:44:41,237][agent.pretrain.train_diffusion_agent][INFO] - 50: train loss   0.0736 | t: 29.8345
[2025-01-21 18:45:10,385][agent.pretrain.train_diffusion_agent][INFO] - 60: train loss   0.0634 | t: 29.1478
[2025-01-21 18:45:40,655][agent.pretrain.train_diffusion_agent][INFO] - 70: train loss   0.0561 | t: 30.2702
[2025-01-21 18:46:11,409][agent.pretrain.train_diffusion_agent][INFO] - 80: train loss   0.0479 | t: 30.7535
[2025-01-21 18:46:43,234][agent.pretrain.train_diffusion_agent][INFO] - 90: train loss   0.0437 | t: 31.8255
[2025-01-21 18:47:14,042][agent.pretrain.train_diffusion_agent][INFO] - 100: train loss   0.0388 | t: 30.8081
[2025-01-21 18:47:45,156][agent.pretrain.train_diffusion_agent][INFO] - 110: train loss   0.0348 | t: 31.1133
[2025-01-21 18:48:16,235][agent.pretrain.train_diffusion_agent][INFO] - 120: train loss   0.0316 | t: 31.0794
[2025-01-21 18:48:47,557][agent.pretrain.train_diffusion_agent][INFO] - 130: train loss   0.0295 | t: 31.3219
[2025-01-21 18:49:18,530][agent.pretrain.train_diffusion_agent][INFO] - 140: train loss   0.0265 | t: 30.9730
[2025-01-21 18:49:49,636][agent.pretrain.train_diffusion_agent][INFO] - 150: train loss   0.0247 | t: 31.1057
[2025-01-21 18:50:20,735][agent.pretrain.train_diffusion_agent][INFO] - 160: train loss   0.0228 | t: 31.0997
[2025-01-21 18:50:52,087][agent.pretrain.train_diffusion_agent][INFO] - 170: train loss   0.0217 | t: 31.3521
[2025-01-21 18:51:23,199][agent.pretrain.train_diffusion_agent][INFO] - 180: train loss   0.0208 | t: 31.1114
[2025-01-21 18:51:54,264][agent.pretrain.train_diffusion_agent][INFO] - 190: train loss   0.0200 | t: 31.0651
[2025-01-21 18:52:25,610][agent.pretrain.train_diffusion_agent][INFO] - 200: train loss   0.0178 | t: 31.3457
[2025-01-21 18:52:56,824][agent.pretrain.train_diffusion_agent][INFO] - 210: train loss   0.0182 | t: 31.2140
[2025-01-21 18:53:27,679][agent.pretrain.train_diffusion_agent][INFO] - 220: train loss   0.0174 | t: 30.8558
[2025-01-21 18:53:58,347][agent.pretrain.train_diffusion_agent][INFO] - 230: train loss   0.0170 | t: 30.6675
[2025-01-21 18:54:29,554][agent.pretrain.train_diffusion_agent][INFO] - 240: train loss   0.0152 | t: 31.2073
[2025-01-21 18:55:00,362][agent.pretrain.train_diffusion_agent][INFO] - 250: train loss   0.0159 | t: 30.8081
[2025-01-21 18:55:31,459][agent.pretrain.train_diffusion_agent][INFO] - 260: train loss   0.0151 | t: 31.0971
[2025-01-21 18:56:01,429][agent.pretrain.train_diffusion_agent][INFO] - 270: train loss   0.0148 | t: 29.9692
[2025-01-21 18:56:30,949][agent.pretrain.train_diffusion_agent][INFO] - 280: train loss   0.0134 | t: 29.5205
[2025-01-21 18:56:59,219][agent.pretrain.train_diffusion_agent][INFO] - 290: train loss   0.0140 | t: 28.2703
[2025-01-21 18:57:28,643][agent.pretrain.train_diffusion_agent][INFO] - 300: train loss   0.0128 | t: 29.4237
[2025-01-21 18:57:58,447][agent.pretrain.train_diffusion_agent][INFO] - 310: train loss   0.0130 | t: 29.8045
[2025-01-21 18:58:28,026][agent.pretrain.train_diffusion_agent][INFO] - 320: train loss   0.0130 | t: 29.5786
[2025-01-21 18:58:57,877][agent.pretrain.train_diffusion_agent][INFO] - 330: train loss   0.0124 | t: 29.8508
[2025-01-21 18:59:27,857][agent.pretrain.train_diffusion_agent][INFO] - 340: train loss   0.0120 | t: 29.9805
[2025-01-21 18:59:57,572][agent.pretrain.train_diffusion_agent][INFO] - 350: train loss   0.0121 | t: 29.7142
[2025-01-21 19:00:27,084][agent.pretrain.train_diffusion_agent][INFO] - 360: train loss   0.0115 | t: 29.5121
[2025-01-21 19:00:56,895][agent.pretrain.train_diffusion_agent][INFO] - 370: train loss   0.0112 | t: 29.8118
[2025-01-21 19:01:26,514][agent.pretrain.train_diffusion_agent][INFO] - 380: train loss   0.0118 | t: 29.6188
[2025-01-21 19:01:56,016][agent.pretrain.train_diffusion_agent][INFO] - 390: train loss   0.0116 | t: 29.5017
[2025-01-21 19:02:24,682][agent.pretrain.train_diffusion_agent][INFO] - 400: train loss   0.0118 | t: 28.6661
[2025-01-21 19:02:54,300][agent.pretrain.train_diffusion_agent][INFO] - 410: train loss   0.0115 | t: 29.6181
[2025-01-21 19:03:24,032][agent.pretrain.train_diffusion_agent][INFO] - 420: train loss   0.0108 | t: 29.7318
[2025-01-21 19:03:53,500][agent.pretrain.train_diffusion_agent][INFO] - 430: train loss   0.0102 | t: 29.4684
[2025-01-21 19:04:23,091][agent.pretrain.train_diffusion_agent][INFO] - 440: train loss   0.0109 | t: 29.5902
[2025-01-21 19:04:52,427][agent.pretrain.train_diffusion_agent][INFO] - 450: train loss   0.0105 | t: 29.3366
[2025-01-21 19:05:21,676][agent.pretrain.train_diffusion_agent][INFO] - 460: train loss   0.0101 | t: 29.2487
[2025-01-21 19:05:51,107][agent.pretrain.train_diffusion_agent][INFO] - 470: train loss   0.0099 | t: 29.4308
[2025-01-21 19:06:21,127][agent.pretrain.train_diffusion_agent][INFO] - 480: train loss   0.0104 | t: 30.0207
[2025-01-21 19:06:49,649][agent.pretrain.train_diffusion_agent][INFO] - 490: train loss   0.0102 | t: 28.5220
[2025-01-21 19:07:18,899][agent.pretrain.train_agent][INFO] - Saved model to /home/qxy/DMLoco/log/aliengo-pretrain/aliengo_pre_diffusion_unet_ta4_td100/2025-01-21_18-41-57_42/checkpoint/state_500.pt
[2025-01-21 19:07:18,900][agent.pretrain.train_diffusion_agent][INFO] - 500: train loss   0.0102 | t: 29.2509
[2025-01-21 19:07:48,491][agent.pretrain.train_diffusion_agent][INFO] - 510: train loss   0.0097 | t: 29.5907
[2025-01-21 19:08:18,004][agent.pretrain.train_diffusion_agent][INFO] - 520: train loss   0.0096 | t: 29.5134
[2025-01-21 19:08:47,523][agent.pretrain.train_diffusion_agent][INFO] - 530: train loss   0.0094 | t: 29.5186
[2025-01-21 19:09:16,263][agent.pretrain.train_diffusion_agent][INFO] - 540: train loss   0.0090 | t: 28.7403
[2025-01-21 19:09:45,824][agent.pretrain.train_diffusion_agent][INFO] - 550: train loss   0.0093 | t: 29.5606
[2025-01-21 19:10:15,424][agent.pretrain.train_diffusion_agent][INFO] - 560: train loss   0.0093 | t: 29.6003
[2025-01-21 19:10:44,944][agent.pretrain.train_diffusion_agent][INFO] - 570: train loss   0.0091 | t: 29.5202
[2025-01-21 19:11:14,540][agent.pretrain.train_diffusion_agent][INFO] - 580: train loss   0.0089 | t: 29.5953
[2025-01-21 19:11:44,467][agent.pretrain.train_diffusion_agent][INFO] - 590: train loss   0.0084 | t: 29.9274
[2025-01-21 19:12:13,587][agent.pretrain.train_diffusion_agent][INFO] - 600: train loss   0.0089 | t: 29.1202
[2025-01-21 19:12:43,013][agent.pretrain.train_diffusion_agent][INFO] - 610: train loss   0.0088 | t: 29.4260
[2025-01-21 19:13:12,788][agent.pretrain.train_diffusion_agent][INFO] - 620: train loss   0.0084 | t: 29.7744
[2025-01-21 19:13:42,303][agent.pretrain.train_diffusion_agent][INFO] - 630: train loss   0.0082 | t: 29.5157
[2025-01-21 19:14:11,760][agent.pretrain.train_diffusion_agent][INFO] - 640: train loss   0.0088 | t: 29.4566
[2025-01-21 19:14:41,365][agent.pretrain.train_diffusion_agent][INFO] - 650: train loss   0.0091 | t: 29.6047
[2025-01-21 19:15:11,082][agent.pretrain.train_diffusion_agent][INFO] - 660: train loss   0.0085 | t: 29.7170
[2025-01-21 19:15:40,435][agent.pretrain.train_diffusion_agent][INFO] - 670: train loss   0.0081 | t: 29.3534
[2025-01-21 19:16:09,630][agent.pretrain.train_diffusion_agent][INFO] - 680: train loss   0.0085 | t: 29.1946
[2025-01-21 19:16:39,084][agent.pretrain.train_diffusion_agent][INFO] - 690: train loss   0.0085 | t: 29.4541
[2025-01-21 19:17:08,559][agent.pretrain.train_diffusion_agent][INFO] - 700: train loss   0.0085 | t: 29.4754
[2025-01-21 19:17:37,834][agent.pretrain.train_diffusion_agent][INFO] - 710: train loss   0.0084 | t: 29.2748
[2025-01-21 19:18:07,360][agent.pretrain.train_diffusion_agent][INFO] - 720: train loss   0.0081 | t: 29.5257
[2025-01-21 19:18:36,707][agent.pretrain.train_diffusion_agent][INFO] - 730: train loss   0.0078 | t: 29.3472
[2025-01-21 19:19:06,191][agent.pretrain.train_diffusion_agent][INFO] - 740: train loss   0.0076 | t: 29.4838
[2025-01-21 19:19:35,238][agent.pretrain.train_diffusion_agent][INFO] - 750: train loss   0.0076 | t: 29.0476
[2025-01-21 19:20:04,731][agent.pretrain.train_diffusion_agent][INFO] - 760: train loss   0.0076 | t: 29.4925
[2025-01-21 19:20:34,139][agent.pretrain.train_diffusion_agent][INFO] - 770: train loss   0.0078 | t: 29.4083
[2025-01-21 19:21:03,142][agent.pretrain.train_diffusion_agent][INFO] - 780: train loss   0.0074 | t: 29.0035
[2025-01-21 19:21:32,464][agent.pretrain.train_diffusion_agent][INFO] - 790: train loss   0.0077 | t: 29.3212
[2025-01-21 19:22:01,954][agent.pretrain.train_diffusion_agent][INFO] - 800: train loss   0.0077 | t: 29.4909
[2025-01-21 19:22:31,770][agent.pretrain.train_diffusion_agent][INFO] - 810: train loss   0.0076 | t: 29.8151
[2025-01-21 19:23:01,109][agent.pretrain.train_diffusion_agent][INFO] - 820: train loss   0.0078 | t: 29.3397
[2025-01-21 19:23:30,649][agent.pretrain.train_diffusion_agent][INFO] - 830: train loss   0.0074 | t: 29.5400
[2025-01-21 19:24:00,223][agent.pretrain.train_diffusion_agent][INFO] - 840: train loss   0.0073 | t: 29.5739
[2025-01-21 19:24:29,718][agent.pretrain.train_diffusion_agent][INFO] - 850: train loss   0.0079 | t: 29.4944
[2025-01-21 19:24:59,379][agent.pretrain.train_diffusion_agent][INFO] - 860: train loss   0.0077 | t: 29.6613
[2025-01-21 19:25:29,512][agent.pretrain.train_diffusion_agent][INFO] - 870: train loss   0.0073 | t: 30.1335
[2025-01-21 19:25:59,410][agent.pretrain.train_diffusion_agent][INFO] - 880: train loss   0.0071 | t: 29.8979
[2025-01-21 19:26:28,729][agent.pretrain.train_diffusion_agent][INFO] - 890: train loss   0.0075 | t: 29.3184
[2025-01-21 19:26:58,562][agent.pretrain.train_diffusion_agent][INFO] - 900: train loss   0.0073 | t: 29.8329
[2025-01-21 19:27:28,105][agent.pretrain.train_diffusion_agent][INFO] - 910: train loss   0.0067 | t: 29.5434
[2025-01-21 19:27:57,494][agent.pretrain.train_diffusion_agent][INFO] - 920: train loss   0.0071 | t: 29.3889
[2025-01-21 19:28:27,152][agent.pretrain.train_diffusion_agent][INFO] - 930: train loss   0.0073 | t: 29.6582
[2025-01-21 19:28:56,911][agent.pretrain.train_diffusion_agent][INFO] - 940: train loss   0.0070 | t: 29.7592
[2025-01-21 19:29:26,470][agent.pretrain.train_diffusion_agent][INFO] - 950: train loss   0.0072 | t: 29.5590
[2025-01-21 19:29:55,955][agent.pretrain.train_diffusion_agent][INFO] - 960: train loss   0.0068 | t: 29.4848
[2025-01-21 19:30:25,420][agent.pretrain.train_diffusion_agent][INFO] - 970: train loss   0.0068 | t: 29.4646
[2025-01-21 19:30:54,921][agent.pretrain.train_diffusion_agent][INFO] - 980: train loss   0.0070 | t: 29.5014
[2025-01-21 19:31:24,425][agent.pretrain.train_diffusion_agent][INFO] - 990: train loss   0.0072 | t: 29.5035
[2025-01-21 19:31:53,798][agent.pretrain.train_agent][INFO] - Saved model to /home/qxy/DMLoco/log/aliengo-pretrain/aliengo_pre_diffusion_unet_ta4_td100/2025-01-21_18-41-57_42/checkpoint/state_1000.pt
[2025-01-21 19:31:53,799][agent.pretrain.train_diffusion_agent][INFO] - 1000: train loss   0.0069 | t: 29.3748
[2025-01-21 19:32:23,448][agent.pretrain.train_diffusion_agent][INFO] - 1010: train loss   0.0068 | t: 29.6488
[2025-01-21 19:32:53,011][agent.pretrain.train_diffusion_agent][INFO] - 1020: train loss   0.0072 | t: 29.5625
[2025-01-21 19:33:22,341][agent.pretrain.train_diffusion_agent][INFO] - 1030: train loss   0.0068 | t: 29.3304
[2025-01-21 19:33:51,984][agent.pretrain.train_diffusion_agent][INFO] - 1040: train loss   0.0066 | t: 29.6426
[2025-01-21 19:34:21,297][agent.pretrain.train_diffusion_agent][INFO] - 1050: train loss   0.0064 | t: 29.3129
[2025-01-21 19:34:50,719][agent.pretrain.train_diffusion_agent][INFO] - 1060: train loss   0.0066 | t: 29.4222
[2025-01-21 19:35:20,254][agent.pretrain.train_diffusion_agent][INFO] - 1070: train loss   0.0065 | t: 29.5353
[2025-01-21 19:35:49,694][agent.pretrain.train_diffusion_agent][INFO] - 1080: train loss   0.0064 | t: 29.4405
[2025-01-21 19:36:19,381][agent.pretrain.train_diffusion_agent][INFO] - 1090: train loss   0.0062 | t: 29.6862
[2025-01-21 19:36:49,007][agent.pretrain.train_diffusion_agent][INFO] - 1100: train loss   0.0066 | t: 29.6268
[2025-01-21 19:37:18,265][agent.pretrain.train_diffusion_agent][INFO] - 1110: train loss   0.0066 | t: 29.2576
[2025-01-21 19:37:47,781][agent.pretrain.train_diffusion_agent][INFO] - 1120: train loss   0.0066 | t: 29.5157
[2025-01-21 19:38:17,342][agent.pretrain.train_diffusion_agent][INFO] - 1130: train loss   0.0066 | t: 29.5609
[2025-01-21 19:38:47,264][agent.pretrain.train_diffusion_agent][INFO] - 1140: train loss   0.0067 | t: 29.9222
[2025-01-21 19:39:16,927][agent.pretrain.train_diffusion_agent][INFO] - 1150: train loss   0.0067 | t: 29.6631
[2025-01-21 19:39:46,538][agent.pretrain.train_diffusion_agent][INFO] - 1160: train loss   0.0068 | t: 29.6108
[2025-01-21 19:40:16,148][agent.pretrain.train_diffusion_agent][INFO] - 1170: train loss   0.0062 | t: 29.6101
[2025-01-21 19:40:45,375][agent.pretrain.train_diffusion_agent][INFO] - 1180: train loss   0.0062 | t: 29.2273
[2025-01-21 19:41:14,955][agent.pretrain.train_diffusion_agent][INFO] - 1190: train loss   0.0065 | t: 29.5803
[2025-01-21 19:41:44,286][agent.pretrain.train_diffusion_agent][INFO] - 1200: train loss   0.0063 | t: 29.3311
[2025-01-21 19:42:13,333][agent.pretrain.train_diffusion_agent][INFO] - 1210: train loss   0.0061 | t: 29.0465
[2025-01-21 19:42:42,914][agent.pretrain.train_diffusion_agent][INFO] - 1220: train loss   0.0062 | t: 29.5805
[2025-01-21 19:43:12,475][agent.pretrain.train_diffusion_agent][INFO] - 1230: train loss   0.0061 | t: 29.5617
[2025-01-21 19:43:42,043][agent.pretrain.train_diffusion_agent][INFO] - 1240: train loss   0.0065 | t: 29.5680
[2025-01-21 19:44:11,393][agent.pretrain.train_diffusion_agent][INFO] - 1250: train loss   0.0062 | t: 29.3494
[2025-01-21 19:44:41,072][agent.pretrain.train_diffusion_agent][INFO] - 1260: train loss   0.0061 | t: 29.6790
[2025-01-21 19:45:10,268][agent.pretrain.train_diffusion_agent][INFO] - 1270: train loss   0.0061 | t: 29.1958
[2025-01-21 19:45:40,099][agent.pretrain.train_diffusion_agent][INFO] - 1280: train loss   0.0062 | t: 29.8310
[2025-01-21 19:46:09,704][agent.pretrain.train_diffusion_agent][INFO] - 1290: train loss   0.0060 | t: 29.6052
[2025-01-21 19:46:39,389][agent.pretrain.train_diffusion_agent][INFO] - 1300: train loss   0.0060 | t: 29.6849
[2025-01-21 19:47:08,978][agent.pretrain.train_diffusion_agent][INFO] - 1310: train loss   0.0059 | t: 29.5890
[2025-01-21 19:47:38,472][agent.pretrain.train_diffusion_agent][INFO] - 1320: train loss   0.0057 | t: 29.4940
[2025-01-21 19:48:07,886][agent.pretrain.train_diffusion_agent][INFO] - 1330: train loss   0.0062 | t: 29.4141
[2025-01-21 19:48:37,322][agent.pretrain.train_diffusion_agent][INFO] - 1340: train loss   0.0061 | t: 29.4359
[2025-01-21 19:49:06,876][agent.pretrain.train_diffusion_agent][INFO] - 1350: train loss   0.0057 | t: 29.5545
[2025-01-21 19:49:35,939][agent.pretrain.train_diffusion_agent][INFO] - 1360: train loss   0.0056 | t: 29.0624
[2025-01-21 19:50:05,275][agent.pretrain.train_diffusion_agent][INFO] - 1370: train loss   0.0056 | t: 29.3366
[2025-01-21 19:50:34,735][agent.pretrain.train_diffusion_agent][INFO] - 1380: train loss   0.0061 | t: 29.4592
[2025-01-21 19:51:03,899][agent.pretrain.train_diffusion_agent][INFO] - 1390: train loss   0.0056 | t: 29.1647
[2025-01-21 19:51:33,424][agent.pretrain.train_diffusion_agent][INFO] - 1400: train loss   0.0056 | t: 29.5247
[2025-01-21 19:52:02,777][agent.pretrain.train_diffusion_agent][INFO] - 1410: train loss   0.0056 | t: 29.3534
[2025-01-21 19:52:32,111][agent.pretrain.train_diffusion_agent][INFO] - 1420: train loss   0.0057 | t: 29.3339
[2025-01-21 19:53:01,477][agent.pretrain.train_diffusion_agent][INFO] - 1430: train loss   0.0057 | t: 29.3654
[2025-01-21 19:53:30,779][agent.pretrain.train_diffusion_agent][INFO] - 1440: train loss   0.0056 | t: 29.3024
[2025-01-21 19:54:00,369][agent.pretrain.train_diffusion_agent][INFO] - 1450: train loss   0.0057 | t: 29.5896
[2025-01-21 19:54:29,817][agent.pretrain.train_diffusion_agent][INFO] - 1460: train loss   0.0058 | t: 29.4481
[2025-01-21 19:54:59,105][agent.pretrain.train_diffusion_agent][INFO] - 1470: train loss   0.0058 | t: 29.2881
[2025-01-21 19:55:28,529][agent.pretrain.train_diffusion_agent][INFO] - 1480: train loss   0.0059 | t: 29.4246
[2025-01-21 19:55:58,227][agent.pretrain.train_diffusion_agent][INFO] - 1490: train loss   0.0056 | t: 29.6981
[2025-01-21 19:56:27,730][agent.pretrain.train_agent][INFO] - Saved model to /home/qxy/DMLoco/log/aliengo-pretrain/aliengo_pre_diffusion_unet_ta4_td100/2025-01-21_18-41-57_42/checkpoint/state_1500.pt
[2025-01-21 19:56:27,731][agent.pretrain.train_diffusion_agent][INFO] - 1500: train loss   0.0056 | t: 29.5034
[2025-01-21 19:56:57,103][agent.pretrain.train_diffusion_agent][INFO] - 1510: train loss   0.0054 | t: 29.3722
[2025-01-21 19:57:26,543][agent.pretrain.train_diffusion_agent][INFO] - 1520: train loss   0.0056 | t: 29.4394
[2025-01-21 19:57:56,048][agent.pretrain.train_diffusion_agent][INFO] - 1530: train loss   0.0055 | t: 29.5051
[2025-01-21 19:58:25,808][agent.pretrain.train_diffusion_agent][INFO] - 1540: train loss   0.0055 | t: 29.7604
[2025-01-21 19:58:55,364][agent.pretrain.train_diffusion_agent][INFO] - 1550: train loss   0.0058 | t: 29.5560
[2025-01-21 19:59:24,771][agent.pretrain.train_diffusion_agent][INFO] - 1560: train loss   0.0054 | t: 29.4067
[2025-01-21 19:59:54,240][agent.pretrain.train_diffusion_agent][INFO] - 1570: train loss   0.0057 | t: 29.4688
[2025-01-21 20:00:23,964][agent.pretrain.train_diffusion_agent][INFO] - 1580: train loss   0.0052 | t: 29.7240
[2025-01-21 20:00:53,963][agent.pretrain.train_diffusion_agent][INFO] - 1590: train loss   0.0054 | t: 29.9994
[2025-01-21 20:01:23,383][agent.pretrain.train_diffusion_agent][INFO] - 1600: train loss   0.0052 | t: 29.4197
[2025-01-21 20:01:52,546][agent.pretrain.train_diffusion_agent][INFO] - 1610: train loss   0.0053 | t: 29.1636
[2025-01-21 20:02:22,011][agent.pretrain.train_diffusion_agent][INFO] - 1620: train loss   0.0053 | t: 29.4645
[2025-01-21 20:02:51,483][agent.pretrain.train_diffusion_agent][INFO] - 1630: train loss   0.0051 | t: 29.4723
[2025-01-21 20:03:20,977][agent.pretrain.train_diffusion_agent][INFO] - 1640: train loss   0.0057 | t: 29.4936
[2025-01-21 20:03:50,044][agent.pretrain.train_diffusion_agent][INFO] - 1650: train loss   0.0053 | t: 29.0674
[2025-01-21 20:04:19,476][agent.pretrain.train_diffusion_agent][INFO] - 1660: train loss   0.0055 | t: 29.4320
[2025-01-21 20:04:49,611][agent.pretrain.train_diffusion_agent][INFO] - 1670: train loss   0.0053 | t: 30.1354
[2025-01-21 20:05:20,063][agent.pretrain.train_diffusion_agent][INFO] - 1680: train loss   0.0052 | t: 30.4519
[2025-01-21 20:05:50,747][agent.pretrain.train_diffusion_agent][INFO] - 1690: train loss   0.0051 | t: 30.6841
[2025-01-21 20:06:21,231][agent.pretrain.train_diffusion_agent][INFO] - 1700: train loss   0.0055 | t: 30.4833
[2025-01-21 20:06:51,735][agent.pretrain.train_diffusion_agent][INFO] - 1710: train loss   0.0052 | t: 30.5038
[2025-01-21 20:07:22,306][agent.pretrain.train_diffusion_agent][INFO] - 1720: train loss   0.0052 | t: 30.5716
[2025-01-21 20:07:52,851][agent.pretrain.train_diffusion_agent][INFO] - 1730: train loss   0.0052 | t: 30.5448
[2025-01-21 20:08:22,921][agent.pretrain.train_diffusion_agent][INFO] - 1740: train loss   0.0049 | t: 30.0697
[2025-01-21 20:08:52,248][agent.pretrain.train_diffusion_agent][INFO] - 1750: train loss   0.0052 | t: 29.3274
[2025-01-21 20:09:21,016][agent.pretrain.train_diffusion_agent][INFO] - 1760: train loss   0.0052 | t: 28.7684
[2025-01-21 20:09:49,547][agent.pretrain.train_diffusion_agent][INFO] - 1770: train loss   0.0051 | t: 28.5307
[2025-01-21 20:10:19,055][agent.pretrain.train_diffusion_agent][INFO] - 1780: train loss   0.0050 | t: 29.5075
[2025-01-21 20:10:48,595][agent.pretrain.train_diffusion_agent][INFO] - 1790: train loss   0.0051 | t: 29.5399
[2025-01-21 20:11:17,395][agent.pretrain.train_diffusion_agent][INFO] - 1800: train loss   0.0050 | t: 28.8007
[2025-01-21 20:11:46,943][agent.pretrain.train_diffusion_agent][INFO] - 1810: train loss   0.0049 | t: 29.5475
[2025-01-21 20:12:16,555][agent.pretrain.train_diffusion_agent][INFO] - 1820: train loss   0.0049 | t: 29.6124
[2025-01-21 20:12:45,741][agent.pretrain.train_diffusion_agent][INFO] - 1830: train loss   0.0052 | t: 29.1857
[2025-01-21 20:13:14,443][agent.pretrain.train_diffusion_agent][INFO] - 1840: train loss   0.0050 | t: 28.7017
[2025-01-21 20:13:43,499][agent.pretrain.train_diffusion_agent][INFO] - 1850: train loss   0.0047 | t: 29.0563
[2025-01-21 20:14:12,552][agent.pretrain.train_diffusion_agent][INFO] - 1860: train loss   0.0046 | t: 29.0528
[2025-01-21 20:14:41,675][agent.pretrain.train_diffusion_agent][INFO] - 1870: train loss   0.0050 | t: 29.1231
[2025-01-21 20:15:11,504][agent.pretrain.train_diffusion_agent][INFO] - 1880: train loss   0.0048 | t: 29.8293
[2025-01-21 20:15:40,815][agent.pretrain.train_diffusion_agent][INFO] - 1890: train loss   0.0048 | t: 29.3112
[2025-01-21 20:16:10,248][agent.pretrain.train_diffusion_agent][INFO] - 1900: train loss   0.0048 | t: 29.4323
[2025-01-21 20:16:39,895][agent.pretrain.train_diffusion_agent][INFO] - 1910: train loss   0.0051 | t: 29.6474
[2025-01-21 20:17:09,572][agent.pretrain.train_diffusion_agent][INFO] - 1920: train loss   0.0049 | t: 29.6769
[2025-01-21 20:17:39,045][agent.pretrain.train_diffusion_agent][INFO] - 1930: train loss   0.0046 | t: 29.4726
[2025-01-21 20:18:08,047][agent.pretrain.train_diffusion_agent][INFO] - 1940: train loss   0.0050 | t: 29.0021
[2025-01-21 20:18:37,565][agent.pretrain.train_diffusion_agent][INFO] - 1950: train loss   0.0048 | t: 29.5181
[2025-01-21 20:19:07,007][agent.pretrain.train_diffusion_agent][INFO] - 1960: train loss   0.0046 | t: 29.4421
[2025-01-21 20:19:36,703][agent.pretrain.train_diffusion_agent][INFO] - 1970: train loss   0.0047 | t: 29.6963
[2025-01-21 20:20:06,643][agent.pretrain.train_diffusion_agent][INFO] - 1980: train loss   0.0047 | t: 29.9401
[2025-01-21 20:20:36,205][agent.pretrain.train_diffusion_agent][INFO] - 1990: train loss   0.0048 | t: 29.5619
[2025-01-21 20:21:06,072][agent.pretrain.train_agent][INFO] - Saved model to /home/qxy/DMLoco/log/aliengo-pretrain/aliengo_pre_diffusion_unet_ta4_td100/2025-01-21_18-41-57_42/checkpoint/state_2000.pt
[2025-01-21 20:21:06,073][agent.pretrain.train_diffusion_agent][INFO] - 2000: train loss   0.0048 | t: 29.8677
[2025-01-21 20:21:35,547][agent.pretrain.train_diffusion_agent][INFO] - 2010: train loss   0.0045 | t: 29.4742
[2025-01-21 20:22:05,115][agent.pretrain.train_diffusion_agent][INFO] - 2020: train loss   0.0046 | t: 29.5675
[2025-01-21 20:22:34,854][agent.pretrain.train_diffusion_agent][INFO] - 2030: train loss   0.0046 | t: 29.7395
[2025-01-21 20:23:04,097][agent.pretrain.train_diffusion_agent][INFO] - 2040: train loss   0.0048 | t: 29.2429
[2025-01-21 20:23:33,751][agent.pretrain.train_diffusion_agent][INFO] - 2050: train loss   0.0047 | t: 29.6537
[2025-01-21 20:24:03,279][agent.pretrain.train_diffusion_agent][INFO] - 2060: train loss   0.0044 | t: 29.5284
[2025-01-21 20:24:33,020][agent.pretrain.train_diffusion_agent][INFO] - 2070: train loss   0.0047 | t: 29.7404
[2025-01-21 20:25:01,647][agent.pretrain.train_diffusion_agent][INFO] - 2080: train loss   0.0045 | t: 28.6277
[2025-01-21 20:25:31,487][agent.pretrain.train_diffusion_agent][INFO] - 2090: train loss   0.0046 | t: 29.8394
[2025-01-21 20:26:00,607][agent.pretrain.train_diffusion_agent][INFO] - 2100: train loss   0.0046 | t: 29.1201
[2025-01-21 20:26:29,875][agent.pretrain.train_diffusion_agent][INFO] - 2110: train loss   0.0045 | t: 29.2681
[2025-01-21 20:26:59,304][agent.pretrain.train_diffusion_agent][INFO] - 2120: train loss   0.0044 | t: 29.4288
[2025-01-21 20:27:28,879][agent.pretrain.train_diffusion_agent][INFO] - 2130: train loss   0.0046 | t: 29.5752
[2025-01-21 20:27:58,793][agent.pretrain.train_diffusion_agent][INFO] - 2140: train loss   0.0044 | t: 29.9142
[2025-01-21 20:28:28,501][agent.pretrain.train_diffusion_agent][INFO] - 2150: train loss   0.0045 | t: 29.7080
[2025-01-21 20:28:57,497][agent.pretrain.train_diffusion_agent][INFO] - 2160: train loss   0.0046 | t: 28.9956
[2025-01-21 20:29:27,059][agent.pretrain.train_diffusion_agent][INFO] - 2170: train loss   0.0043 | t: 29.5628
[2025-01-21 20:29:56,613][agent.pretrain.train_diffusion_agent][INFO] - 2180: train loss   0.0042 | t: 29.5538
[2025-01-21 20:30:25,916][agent.pretrain.train_diffusion_agent][INFO] - 2190: train loss   0.0045 | t: 29.3028
[2025-01-21 20:30:55,688][agent.pretrain.train_diffusion_agent][INFO] - 2200: train loss   0.0045 | t: 29.7719
[2025-01-21 20:31:25,307][agent.pretrain.train_diffusion_agent][INFO] - 2210: train loss   0.0044 | t: 29.6191
[2025-01-21 20:31:54,814][agent.pretrain.train_diffusion_agent][INFO] - 2220: train loss   0.0045 | t: 29.5072
[2025-01-21 20:32:24,200][agent.pretrain.train_diffusion_agent][INFO] - 2230: train loss   0.0043 | t: 29.3857
[2025-01-21 20:32:54,358][agent.pretrain.train_diffusion_agent][INFO] - 2240: train loss   0.0045 | t: 30.1578
[2025-01-21 20:33:22,742][agent.pretrain.train_diffusion_agent][INFO] - 2250: train loss   0.0043 | t: 28.3837
[2025-01-21 20:33:52,479][agent.pretrain.train_diffusion_agent][INFO] - 2260: train loss   0.0045 | t: 29.7375
[2025-01-21 20:34:22,115][agent.pretrain.train_diffusion_agent][INFO] - 2270: train loss   0.0042 | t: 29.6357
[2025-01-21 20:34:51,571][agent.pretrain.train_diffusion_agent][INFO] - 2280: train loss   0.0043 | t: 29.4558
[2025-01-21 20:35:21,001][agent.pretrain.train_diffusion_agent][INFO] - 2290: train loss   0.0042 | t: 29.4300
[2025-01-21 20:35:50,514][agent.pretrain.train_diffusion_agent][INFO] - 2300: train loss   0.0046 | t: 29.5139
[2025-01-21 20:36:20,191][agent.pretrain.train_diffusion_agent][INFO] - 2310: train loss   0.0044 | t: 29.6763
[2025-01-21 20:36:49,511][agent.pretrain.train_diffusion_agent][INFO] - 2320: train loss   0.0044 | t: 29.3197
[2025-01-21 20:37:18,840][agent.pretrain.train_diffusion_agent][INFO] - 2330: train loss   0.0042 | t: 29.3292
[2025-01-21 20:37:48,519][agent.pretrain.train_diffusion_agent][INFO] - 2340: train loss   0.0042 | t: 29.6792
[2025-01-21 20:38:18,240][agent.pretrain.train_diffusion_agent][INFO] - 2350: train loss   0.0042 | t: 29.7208
[2025-01-21 20:38:47,880][agent.pretrain.train_diffusion_agent][INFO] - 2360: train loss   0.0040 | t: 29.6403
